--------------------
augmentation: True
batch_size: 12
early_stopping: 50
epochs: 400
lr: 1e-05
momentum: 0.9
name: NestedUNET
nesterov: False
num_workers: 8
optimizer: Adam
weight_decay: 0.0001
--------------------
=> creating model NestedUNET_with_augmentation
Loading model file from NestedUNET_with_augmentation
**************************************************
The lenght of image: 2825, mask folders: 2825 for test
Total patient number is :175
Saving OUTPUT files in directory /dcs/22/u2202609/year_3/cs310/Project/Segmentation/Segmentation_output/NestedUNET_with_augmentation
 
Printing the first 5 image directories... ['/dcs/22/u2202609/year_3/cs310/Project/Preprocessing/data/Image/LIDC-IDRI-0008/0008_NI000_slice000.npy', '/dcs/22/u2202609/year_3/cs310/Project/Preprocessing/data/Image/LIDC-IDRI-0008/0008_NI000_slice001.npy', '/dcs/22/u2202609/year_3/cs310/Project/Preprocessing/data/Image/LIDC-IDRI-0008/0008_NI001_slice001.npy', '/dcs/22/u2202609/year_3/cs310/Project/Preprocessing/data/Image/LIDC-IDRI-0008/0008_NI001_slice002.npy', '/dcs/22/u2202609/year_3/cs310/Project/Preprocessing/data/Image/LIDC-IDRI-0015/0015_NI000_slice002.npy']
Printing the first 5 mask directories... ['/dcs/22/u2202609/year_3/cs310/Project/Preprocessing/data/Mask/LIDC-IDRI-0008/0008_MA000_slice000.npy', '/dcs/22/u2202609/year_3/cs310/Project/Preprocessing/data/Mask/LIDC-IDRI-0008/0008_MA000_slice001.npy', '/dcs/22/u2202609/year_3/cs310/Project/Preprocessing/data/Mask/LIDC-IDRI-0008/0008_MA001_slice001.npy', '/dcs/22/u2202609/year_3/cs310/Project/Preprocessing/data/Mask/LIDC-IDRI-0008/0008_MA001_slice002.npy', '/dcs/22/u2202609/year_3/cs310/Project/Preprocessing/data/Mask/LIDC-IDRI-0015/0015_MA000_slice002.npy']
**************************************************
The lenght of clean image: 1377, mask folders: 1377 for clean test set
Total patient number is :27
Saving CLEAN files in directory /dcs/22/u2202609/year_3/cs310/Project/Segmentation/Segmentation_output/CLEAN_NestedUNET_with_augmentation
==================================================
IoU: 0.3523
DICE:0.4743
Length of prediction dir is  2825
==================================================
TP: 1486 FP:1054
FN: 1339 TN:0
6.022857 FP/per Scan 
==================================================
 
NOW, INCLUDE CLEAN TEST SET
==================================================
IoU: 0.4225
DICE:0.5045
[   0 1243  134    0]
==================================================
TP: 1486 FP:1188
FN: 1339 TN:1243
5.881188 FP/per Scan 
Number of total patients used for test are 202, among them clean patients are 27
==================================================
 
